0 info it worked if it ends with ok
1 verbose cli [ 'node', '/usr/local/bin/npm', 'install', '--save', 'request' ]
2 info using npm@1.4.28
3 info using node@v0.10.35
4 warn package.json project2@1.0.0 No description
5 warn package.json project2@1.0.0 No repository field.
6 warn package.json project2@1.0.0 No README data
7 verbose readDependencies using package.json deps
8 verbose cache add [ 'request', null ]
9 verbose cache add name=undefined spec="request" args=["request",null]
10 verbose parsed url { protocol: null,
10 verbose parsed url   slashes: null,
10 verbose parsed url   auth: null,
10 verbose parsed url   host: null,
10 verbose parsed url   port: null,
10 verbose parsed url   hostname: null,
10 verbose parsed url   hash: null,
10 verbose parsed url   search: null,
10 verbose parsed url   query: null,
10 verbose parsed url   pathname: 'request',
10 verbose parsed url   path: 'request',
10 verbose parsed url   href: 'request' }
11 silly lockFile 088e29b0-request request
12 verbose lock request /Users/stephenrichardson/.npm/088e29b0-request.lock
13 silly lockFile 088e29b0-request request
14 silly lockFile 088e29b0-request request
15 verbose addNamed [ 'request', '' ]
16 verbose addNamed [ null, '*' ]
17 silly lockFile 9d461bcf-request request@
18 verbose lock request@ /Users/stephenrichardson/.npm/9d461bcf-request.lock
19 silly addNameRange { name: 'request', range: '*', hasData: false }
20 verbose request where is /request
21 verbose request registry https://registry.npmjs.org/
22 verbose request id bdf016f5497c2eeb
23 verbose url raw /request
24 verbose url resolving [ 'https://registry.npmjs.org/', './request' ]
25 verbose url resolved https://registry.npmjs.org/request
26 verbose request where is https://registry.npmjs.org/request
27 info trying registry request attempt 1 at 12:58:54
28 verbose etag "6PK4O46GALBFEQRSRE9TU5CFU"
29 http GET https://registry.npmjs.org/request
30 http 200 https://registry.npmjs.org/request
31 silly registry.get cb [ 200,
31 silly registry.get   { date: 'Mon, 16 Feb 2015 19:58:54 GMT',
31 silly registry.get     server: 'CouchDB/1.5.0 (Erlang OTP/R16B03)',
31 silly registry.get     etag: '"BFL47U9FA8QL2L9WBHN168GNK"',
31 silly registry.get     'content-type': 'application/json',
31 silly registry.get     'cache-control': 'max-age=60',
31 silly registry.get     'content-length': '140117',
31 silly registry.get     'accept-ranges': 'bytes',
31 silly registry.get     via: '1.1 varnish',
31 silly registry.get     age: '34',
31 silly registry.get     'x-served-by': 'cache-dfw1825-DFW',
31 silly registry.get     'x-cache': 'HIT',
31 silly registry.get     'x-cache-hits': '5',
31 silly registry.get     'x-timer': 'S1424116734.924185,VS0,VE0',
31 silly registry.get     vary: 'Accept',
31 silly registry.get     'keep-alive': 'timeout=10, max=50',
31 silly registry.get     connection: 'Keep-Alive' } ]
32 silly addNameRange number 2 { name: 'request', range: '*', hasData: true }
33 silly addNameRange versions [ 'request',
33 silly addNameRange   [ '0.10.0',
33 silly addNameRange     '0.8.3',
33 silly addNameRange     '0.9.0',
33 silly addNameRange     '0.9.1',
33 silly addNameRange     '0.9.5',
33 silly addNameRange     '1.0.0',
33 silly addNameRange     '1.1.0',
33 silly addNameRange     '1.1.1',
33 silly addNameRange     '1.2.0',
33 silly addNameRange     '1.9.0',
33 silly addNameRange     '1.9.1',
33 silly addNameRange     '1.9.2',
33 silly addNameRange     '1.9.3',
33 silly addNameRange     '1.9.5',
33 silly addNameRange     '1.9.7',
33 silly addNameRange     '1.9.8',
33 silly addNameRange     '1.9.9',
33 silly addNameRange     '2.0.0',
33 silly addNameRange     '2.0.1',
33 silly addNameRange     '2.0.2',
33 silly addNameRange     '2.0.3',
33 silly addNameRange     '2.0.4',
33 silly addNameRange     '2.0.5',
33 silly addNameRange     '2.1.0',
33 silly addNameRange     '2.1.1',
33 silly addNameRange     '2.2.0',
33 silly addNameRange     '2.2.5',
33 silly addNameRange     '2.2.6',
33 silly addNameRange     '2.2.9',
33 silly addNameRange     '2.9.0',
33 silly addNameRange     '2.9.1',
33 silly addNameRange     '2.9.2',
33 silly addNameRange     '2.9.3',
33 silly addNameRange     '2.9.100',
33 silly addNameRange     '2.9.150',
33 silly addNameRange     '2.9.151',
33 silly addNameRange     '2.9.152',
33 silly addNameRange     '2.9.153',
33 silly addNameRange     '2.9.200',
33 silly addNameRange     '2.9.201',
33 silly addNameRange     '2.9.202',
33 silly addNameRange     '2.9.203',
33 silly addNameRange     '2.10.0',
33 silly addNameRange     '2.11.0',
33 silly addNameRange     '2.11.1',
33 silly addNameRange     '2.11.2',
33 silly addNameRange     '2.11.3',
33 silly addNameRange     '2.11.4',
33 silly addNameRange     '2.12.0',
33 silly addNameRange     '2.14.0',
33 silly addNameRange     '2.16.0',
33 silly addNameRange     '2.16.2',
33 silly addNameRange     '2.16.4',
33 silly addNameRange     '2.16.6',
33 silly addNameRange     '2.18.0',
33 silly addNameRange     '2.19.0',
33 silly addNameRange     '2.20.0',
33 silly addNameRange     '2.21.0',
33 silly addNameRange     '2.22.0',
33 silly addNameRange     '2.23.0',
33 silly addNameRange     '2.24.0',
33 silly addNameRange     '2.25.0',
33 silly addNameRange     '2.26.0',
33 silly addNameRange     '2.27.0',
33 silly addNameRange     '2.28.0',
33 silly addNameRange     '2.29.0',
33 silly addNameRange     '2.30.0',
33 silly addNameRange     '2.31.0',
33 silly addNameRange     '2.32.0',
33 silly addNameRange     '2.33.0',
33 silly addNameRange     '2.34.0',
33 silly addNameRange     '2.35.0',
33 silly addNameRange     '2.36.0',
33 silly addNameRange     '2.37.0',
33 silly addNameRange     '2.38.0',
33 silly addNameRange     '2.39.0',
33 silly addNameRange     '2.40.0',
33 silly addNameRange     '2.41.0',
33 silly addNameRange     '2.42.0',
33 silly addNameRange     '2.43.0',
33 silly addNameRange     '2.44.0',
33 silly addNameRange     '2.45.0',
33 silly addNameRange     '2.46.0',
33 silly addNameRange     '2.47.0',
33 silly addNameRange     '2.48.0',
33 silly addNameRange     '2.49.0',
33 silly addNameRange     '2.50.0',
33 silly addNameRange     '2.51.0',
33 silly addNameRange     '2.52.0',
33 silly addNameRange     '2.53.0' ] ]
34 verbose addNamed [ 'request', '2.53.0' ]
35 verbose addNamed [ '2.53.0', '2.53.0' ]
36 silly lockFile aee8052e-request-2-53-0 request@2.53.0
37 verbose lock request@2.53.0 /Users/stephenrichardson/.npm/aee8052e-request-2-53-0.lock
38 silly lockFile ba72365e-s-org-request-request-2-53-0-tgz https://registry.npmjs.org/request/-/request-2.53.0.tgz
39 verbose lock https://registry.npmjs.org/request/-/request-2.53.0.tgz /Users/stephenrichardson/.npm/ba72365e-s-org-request-request-2-53-0-tgz.lock
40 verbose addRemoteTarball [ 'https://registry.npmjs.org/request/-/request-2.53.0.tgz',
40 verbose addRemoteTarball   '180a3ae92b7b639802e4f9545dd8fcdeb71d760c' ]
41 info retry fetch attempt 1 at 12:58:55
42 verbose fetch to= /var/folders/b5/w5z5zgcx6lv5k6f97rncv6pr0000gn/T/npm-6241-muqnkxQL/registry.npmjs.org/request/-/request-2.53.0.tgz
43 http GET https://registry.npmjs.org/request/-/request-2.53.0.tgz
44 http 200 https://registry.npmjs.org/request/-/request-2.53.0.tgz
45 silly lockFile ba72365e-s-org-request-request-2-53-0-tgz https://registry.npmjs.org/request/-/request-2.53.0.tgz
46 silly lockFile ba72365e-s-org-request-request-2-53-0-tgz https://registry.npmjs.org/request/-/request-2.53.0.tgz
47 silly lockFile aee8052e-request-2-53-0 request@2.53.0
48 silly lockFile aee8052e-request-2-53-0 request@2.53.0
49 silly lockFile 9d461bcf-request request@
50 silly lockFile 9d461bcf-request request@
51 error Error: EACCES, mkdir '/Users/stephenrichardson/.npm/request/2.53.0'
51 error  { [Error: EACCES, mkdir '/Users/stephenrichardson/.npm/request/2.53.0']
51 error   errno: 3,
51 error   code: 'EACCES',
51 error   path: '/Users/stephenrichardson/.npm/request/2.53.0',
51 error   parent: 'project2' }
52 error Please try running this command again as root/Administrator.
53 error System Darwin 14.0.0
54 error command "node" "/usr/local/bin/npm" "install" "--save" "request"
55 error cwd /Users/stephenrichardson/Dropbox/projects/node1-colors/project2
56 error node -v v0.10.35
57 error npm -v 1.4.28
58 error path /Users/stephenrichardson/.npm/request/2.53.0
59 error code EACCES
60 error errno 3
61 error stack Error: EACCES, mkdir '/Users/stephenrichardson/.npm/request/2.53.0'
62 verbose exit [ 3, true ]
